0 info it worked if it ends with ok
1 verbose cli [ '/Applications/Unity/Hub/Editor/2019.3.2f1/Unity.app/Contents/Tools/nodejs/bin/node',
1 verbose cli   '/Applications/Unity/Hub/Editor/2019.3.2f1/Unity.app/Contents/Tools/nodejs/lib/node_modules/npm/bin/npm-cli.js',
1 verbose cli   'view',
1 verbose cli   'com.siccity.gltfutility@0.6.0',
1 verbose cli   '--registry',
1 verbose cli   'https://packages.unity.com/' ]
2 info using npm@3.10.10
3 info using node@v6.10.0
4 silly mapToRegistry name com.siccity.gltfutility
5 silly mapToRegistry using default registry
6 silly mapToRegistry registry https://packages.unity.com/
7 silly mapToRegistry data Result {
7 silly mapToRegistry   raw: 'com.siccity.gltfutility',
7 silly mapToRegistry   scope: null,
7 silly mapToRegistry   escapedName: 'com.siccity.gltfutility',
7 silly mapToRegistry   name: 'com.siccity.gltfutility',
7 silly mapToRegistry   rawSpec: '',
7 silly mapToRegistry   spec: 'latest',
7 silly mapToRegistry   type: 'tag' }
8 silly mapToRegistry uri https://packages.unity.com/com.siccity.gltfutility
9 verbose request uri https://packages.unity.com/com.siccity.gltfutility
10 verbose request no auth needed
11 info attempt registry request try #1 at 2:56:04 PM
12 verbose request id 054d328fa0e3e586
13 http request GET https://packages.unity.com/com.siccity.gltfutility
14 http 404 https://packages.unity.com/com.siccity.gltfutility
15 verbose headers { 'x-powered-by': 'Express',
15 verbose headers   'content-type': 'application/json; charset=utf-8',
15 verbose headers   'content-length': '37',
15 verbose headers   etag: 'W/"25-gZLX/77GjylNO6kyiGZBNSZYryI"',
15 verbose headers   vary: 'Accept-Encoding',
15 verbose headers   date: 'Fri, 08 May 2020 21:56:05 GMT' }
16 silly get cb [ 404,
16 silly get   { 'x-powered-by': 'Express',
16 silly get     'content-type': 'application/json; charset=utf-8',
16 silly get     'content-length': '37',
16 silly get     etag: 'W/"25-gZLX/77GjylNO6kyiGZBNSZYryI"',
16 silly get     vary: 'Accept-Encoding',
16 silly get     date: 'Fri, 08 May 2020 21:56:05 GMT' } ]
17 verbose stack Error: no such package available : com.siccity.gltfutility
17 verbose stack     at makeError (/Applications/Unity/Hub/Editor/2019.3.2f1/Unity.app/Contents/Tools/nodejs/lib/node_modules/npm/node_modules/npm-registry-client/lib/request.js:302:12)
17 verbose stack     at CachingRegistryClient.<anonymous> (/Applications/Unity/Hub/Editor/2019.3.2f1/Unity.app/Contents/Tools/nodejs/lib/node_modules/npm/node_modules/npm-registry-client/lib/request.js:290:14)
17 verbose stack     at Request._callback (/Applications/Unity/Hub/Editor/2019.3.2f1/Unity.app/Contents/Tools/nodejs/lib/node_modules/npm/node_modules/npm-registry-client/lib/request.js:210:14)
17 verbose stack     at Request.self.callback (/Applications/Unity/Hub/Editor/2019.3.2f1/Unity.app/Contents/Tools/nodejs/lib/node_modules/npm/node_modules/request/request.js:187:22)
17 verbose stack     at emitTwo (events.js:106:13)
17 verbose stack     at Request.emit (events.js:191:7)
17 verbose stack     at Request.<anonymous> (/Applications/Unity/Hub/Editor/2019.3.2f1/Unity.app/Contents/Tools/nodejs/lib/node_modules/npm/node_modules/request/request.js:1048:10)
17 verbose stack     at emitOne (events.js:96:13)
17 verbose stack     at Request.emit (events.js:188:7)
17 verbose stack     at IncomingMessage.<anonymous> (/Applications/Unity/Hub/Editor/2019.3.2f1/Unity.app/Contents/Tools/nodejs/lib/node_modules/npm/node_modules/request/request.js:969:12)
18 verbose statusCode 404
19 verbose pkgid com.siccity.gltfutility
20 verbose cwd /Users/diegodelarocha/Files/Work/DiegoDelaRocha/Projects/Games/acorn/Acorn
21 error Darwin 18.2.0
22 error argv "/Applications/Unity/Hub/Editor/2019.3.2f1/Unity.app/Contents/Tools/nodejs/bin/node" "/Applications/Unity/Hub/Editor/2019.3.2f1/Unity.app/Contents/Tools/nodejs/lib/node_modules/npm/bin/npm-cli.js" "view" "com.siccity.gltfutility@0.6.0" "--registry" "https://packages.unity.com/"
23 error node v6.10.0
24 error npm  v3.10.10
25 error code E404
26 error 404 no such package available : com.siccity.gltfutility
27 error 404
28 error 404 'com.siccity.gltfutility' is not in the npm registry.
29 error 404 You should bug the author to publish it (or use the name yourself!)
30 error 404 Note that you can also install from a
31 error 404 tarball, folder, http url, or git url.
32 verbose exit [ 1, true ]
